<?xml version="1.0" encoding="UTF-8"?>
<testng-results ignored="0" total="1" passed="1" failed="0" skipped="0">
  <reporter-output>
  </reporter-output>
  <suite started-at="2026-04-16T18:46:13 IST" name="Default suite" finished-at="2026-04-16T18:46:49 IST" duration-ms="35952">
    <groups>
    </groups>
    <test started-at="2026-04-16T18:46:13 IST" name="Default test" finished-at="2026-04-16T18:46:49 IST" duration-ms="35952">
      <class name="tests.PurchaseTest">
        <test-method is-config="true" signature="setup()[pri:0, instance:tests.PurchaseTest@36fc695d]" started-at="2026-04-16T18:46:13 IST" name="setup" finished-at="2026-04-16T18:46:16 IST" duration-ms="2378" status="PASS">
          <reporter-output>
          </reporter-output>
        </test-method> <!-- setup -->
        <test-method signature="buyProduct()[pri:0, instance:tests.PurchaseTest@36fc695d]" started-at="2026-04-16T18:46:16 IST" name="buyProduct" finished-at="2026-04-16T18:46:49 IST" duration-ms="33275" status="PASS">
          <reporter-output>
          </reporter-output>
        </test-method> <!-- buyProduct -->
        <test-method is-config="true" signature="tearDown()[pri:0, instance:tests.PurchaseTest@36fc695d]" started-at="2026-04-16T18:46:49 IST" name="tearDown" finished-at="2026-04-16T18:46:49 IST" duration-ms="249" status="PASS">
          <reporter-output>
          </reporter-output>
        </test-method> <!-- tearDown -->
      </class> <!-- tests.PurchaseTest -->
    </test> <!-- Default test -->
  </suite> <!-- Default suite -->
</testng-results>
